
------------------------------------------------------------
    WARNING: PyCaffe not found!
    Falling back to a pure protocol buffer implementation.
    * Conversions will be drastically slower.
    * This backend is UNTESTED!
------------------------------------------------------------

Type                 Name                                          Param               Output
----------------------------------------------------------------------------------------------
Data                 data                                             --    (100, 10, 27, 27)
Convolution          Convolution1                                     --    (100, 16, 27, 27)
BatchNorm            BatchNorm1                                       --    (100, 16, 27, 27)
Convolution          Convolution2                                     --    (100, 16, 27, 27)
BatchNorm            BatchNorm2                                       --    (100, 16, 27, 27)
Convolution          Convolution3                                     --    (100, 16, 27, 27)
BatchNorm            BatchNorm3                                       --    (100, 16, 27, 27)
Eltwise              Eltwise1                                         --    (100, 16, 27, 27)
ReLU                 ReLU3                                            --    (100, 16, 27, 27)
Convolution          Convolution4                                     --    (100, 16, 27, 27)
BatchNorm            BatchNorm4                                       --    (100, 16, 27, 27)
Convolution          Convolution5                                     --    (100, 16, 27, 27)
BatchNorm            BatchNorm5                                       --    (100, 16, 27, 27)
Eltwise              Eltwise2                                         --    (100, 16, 27, 27)
ReLU                 ReLU5                                            --    (100, 16, 27, 27)
Convolution          Convolution6                                     --    (100, 16, 27, 27)
BatchNorm            BatchNorm6                                       --    (100, 16, 27, 27)
Convolution          Convolution7                                     --    (100, 16, 27, 27)
BatchNorm            BatchNorm7                                       --    (100, 16, 27, 27)
Eltwise              Eltwise3                                         --    (100, 16, 27, 27)
ReLU                 ReLU7                                            --    (100, 16, 27, 27)
Convolution          Convolution8                                     --    (100, 16, 27, 27)
BatchNorm            BatchNorm8                                       --    (100, 16, 27, 27)
Convolution          Convolution9                                     --    (100, 16, 27, 27)
BatchNorm            BatchNorm9                                       --    (100, 16, 27, 27)
Eltwise              Eltwise4                                         --    (100, 16, 27, 27)
ReLU                 ReLU9                                            --    (100, 16, 27, 27)
Convolution          Convolution10                                    --    (100, 32, 14, 14)
BatchNorm            BatchNorm10                                      --    (100, 32, 14, 14)
Convolution          Convolution11                                    --    (100, 32, 14, 14)
BatchNorm            BatchNorm11                                      --    (100, 32, 14, 14)
Convolution          Convolution12                                    --    (100, 32, 14, 14)
BatchNorm            BatchNorm12                                      --    (100, 32, 14, 14)
Eltwise              Eltwise5                                         --    (100, 32, 14, 14)
ReLU                 ReLU11                                           --    (100, 32, 14, 14)
Convolution          Convolution13                                    --    (100, 32, 14, 14)
BatchNorm            BatchNorm13                                      --    (100, 32, 14, 14)
Convolution          Convolution14                                    --    (100, 32, 14, 14)
BatchNorm            BatchNorm14                                      --    (100, 32, 14, 14)
Eltwise              Eltwise6                                         --    (100, 32, 14, 14)
ReLU                 ReLU13                                           --    (100, 32, 14, 14)
Convolution          Convolution15                                    --    (100, 32, 14, 14)
BatchNorm            BatchNorm15                                      --    (100, 32, 14, 14)
Convolution          Convolution16                                    --    (100, 32, 14, 14)
BatchNorm            BatchNorm16                                      --    (100, 32, 14, 14)
Eltwise              Eltwise7                                         --    (100, 32, 14, 14)
ReLU                 ReLU15                                           --    (100, 32, 14, 14)
Convolution          Convolution17                                    --    (100, 32, 14, 14)
BatchNorm            BatchNorm17                                      --    (100, 32, 14, 14)
Convolution          Convolution18                                    --    (100, 32, 14, 14)
BatchNorm            BatchNorm18                                      --    (100, 32, 14, 14)
Eltwise              Eltwise8                                         --    (100, 32, 14, 14)
ReLU                 ReLU17                                           --    (100, 32, 14, 14)
Convolution          Convolution19                                    --      (100, 64, 7, 7)
BatchNorm            BatchNorm19                                      --      (100, 64, 7, 7)
Convolution          Convolution20                                    --      (100, 64, 7, 7)
BatchNorm            BatchNorm20                                      --      (100, 64, 7, 7)
Convolution          Convolution21                                    --      (100, 64, 7, 7)
BatchNorm            BatchNorm21                                      --      (100, 64, 7, 7)
Eltwise              Eltwise9                                         --      (100, 64, 7, 7)
ReLU                 ReLU19                                           --      (100, 64, 7, 7)
Convolution          Convolution22                                    --      (100, 64, 7, 7)
BatchNorm            BatchNorm22                                      --      (100, 64, 7, 7)
Convolution          Convolution23                                    --      (100, 64, 7, 7)
BatchNorm            BatchNorm23                                      --      (100, 64, 7, 7)
Eltwise              Eltwise10                                        --      (100, 64, 7, 7)
ReLU                 ReLU21                                           --      (100, 64, 7, 7)
Convolution          Convolution24                                    --      (100, 64, 7, 7)
BatchNorm            BatchNorm24                                      --      (100, 64, 7, 7)
Convolution          Convolution25                                    --      (100, 64, 7, 7)
BatchNorm            BatchNorm25                                      --      (100, 64, 7, 7)
Eltwise              Eltwise11                                        --      (100, 64, 7, 7)
ReLU                 ReLU23                                           --      (100, 64, 7, 7)
Convolution          Convolution26                                    --      (100, 64, 7, 7)
BatchNorm            BatchNorm26                                      --      (100, 64, 7, 7)
Convolution          Convolution27                                    --      (100, 64, 7, 7)
BatchNorm            BatchNorm27                                      --      (100, 64, 7, 7)
Eltwise              Eltwise12                                        --      (100, 64, 7, 7)
Convolution          Convolution_eltwise4                             --      (100, 64, 7, 7)
BatchNorm            BatchNorm_Convolution_eltwise4                   --      (100, 64, 7, 7)
Convolution          Convolution_eltwise8                             --      (100, 64, 7, 7)
BatchNorm            BatchNorm_Convolution_eltwise8                   --      (100, 64, 7, 7)
Eltwise              fuse1                                            --      (100, 64, 7, 7)
Eltwise              fuse2                                            --      (100, 64, 7, 7)
ReLU                 ReLU25                                           --      (100, 64, 7, 7)
Pooling              Pooling1                                         --      (100, 64, 1, 1)
InnerProduct         InnerProduct1                                    --      (100, 16, 1, 1)
Converting data...
Saving source...
Done.
