
------------------------------------------------------------
    WARNING: PyCaffe not found!
    Falling back to a pure protocol buffer implementation.
    * Conversions will be drastically slower.
    * This backend is UNTESTED!
------------------------------------------------------------

Type                 Name                                          Param               Output
----------------------------------------------------------------------------------------------
Data                 data                                             --     (100, 5, 23, 23)
Convolution          Convolution1                                     --    (100, 16, 23, 23)
BatchNorm            BatchNorm1                                       --    (100, 16, 23, 23)
Convolution          Convolution2                                     --    (100, 16, 23, 23)
BatchNorm            BatchNorm2                                       --    (100, 16, 23, 23)
Convolution          Convolution3                                     --    (100, 16, 23, 23)
BatchNorm            BatchNorm3                                       --    (100, 16, 23, 23)
Eltwise              Eltwise1                                         --    (100, 16, 23, 23)
ReLU                 ReLU3                                            --    (100, 16, 23, 23)
Convolution          Convolution4                                     --    (100, 16, 23, 23)
BatchNorm            BatchNorm4                                       --    (100, 16, 23, 23)
Convolution          Convolution5                                     --    (100, 16, 23, 23)
BatchNorm            BatchNorm5                                       --    (100, 16, 23, 23)
Eltwise              Eltwise2                                         --    (100, 16, 23, 23)
ReLU                 ReLU5                                            --    (100, 16, 23, 23)
Convolution          Convolution6                                     --    (100, 16, 23, 23)
BatchNorm            BatchNorm6                                       --    (100, 16, 23, 23)
Convolution          Convolution7                                     --    (100, 16, 23, 23)
BatchNorm            BatchNorm7                                       --    (100, 16, 23, 23)
Eltwise              Eltwise3                                         --    (100, 16, 23, 23)
ReLU                 ReLU7                                            --    (100, 16, 23, 23)
Convolution          Convolution8                                     --    (100, 16, 23, 23)
BatchNorm            BatchNorm8                                       --    (100, 16, 23, 23)
Convolution          Convolution9                                     --    (100, 16, 23, 23)
BatchNorm            BatchNorm9                                       --    (100, 16, 23, 23)
Eltwise              Eltwise4                                         --    (100, 16, 23, 23)
ReLU                 ReLU9                                            --    (100, 16, 23, 23)
Convolution          Convolution10                                    --    (100, 16, 23, 23)
BatchNorm            BatchNorm10                                      --    (100, 16, 23, 23)
Convolution          Convolution11                                    --    (100, 16, 23, 23)
BatchNorm            BatchNorm11                                      --    (100, 16, 23, 23)
Eltwise              Eltwise5                                         --    (100, 16, 23, 23)
ReLU                 ReLU11                                           --    (100, 16, 23, 23)
Convolution          Convolution18                                    --    (100, 32, 12, 12)
BatchNorm            BatchNorm18                                      --    (100, 32, 12, 12)
Convolution          Convolution19                                    --    (100, 32, 12, 12)
BatchNorm            BatchNorm19                                      --    (100, 32, 12, 12)
Convolution          Convolution20                                    --    (100, 32, 12, 12)
BatchNorm            BatchNorm20                                      --    (100, 32, 12, 12)
Eltwise              Eltwise9                                         --    (100, 32, 12, 12)
ReLU                 ReLU19                                           --    (100, 32, 12, 12)
Convolution          Convolution21                                    --    (100, 32, 12, 12)
BatchNorm            BatchNorm21                                      --    (100, 32, 12, 12)
Convolution          Convolution22                                    --    (100, 32, 12, 12)
BatchNorm            BatchNorm22                                      --    (100, 32, 12, 12)
Eltwise              Eltwise10                                        --    (100, 32, 12, 12)
ReLU                 ReLU21                                           --    (100, 32, 12, 12)
Convolution          Convolution23                                    --    (100, 32, 12, 12)
BatchNorm            BatchNorm23                                      --    (100, 32, 12, 12)
Convolution          Convolution24                                    --    (100, 32, 12, 12)
BatchNorm            BatchNorm24                                      --    (100, 32, 12, 12)
Eltwise              Eltwise11                                        --    (100, 32, 12, 12)
ReLU                 ReLU23                                           --    (100, 32, 12, 12)
Convolution          Convolution25                                    --    (100, 32, 12, 12)
BatchNorm            BatchNorm25                                      --    (100, 32, 12, 12)
Convolution          Convolution26                                    --    (100, 32, 12, 12)
BatchNorm            BatchNorm26                                      --    (100, 32, 12, 12)
Eltwise              Eltwise12                                        --    (100, 32, 12, 12)
ReLU                 ReLU25                                           --    (100, 32, 12, 12)
Convolution          Convolution27                                    --    (100, 32, 12, 12)
BatchNorm            BatchNorm27                                      --    (100, 32, 12, 12)
Convolution          Convolution28                                    --    (100, 32, 12, 12)
BatchNorm            BatchNorm28                                      --    (100, 32, 12, 12)
Eltwise              Eltwise13                                        --    (100, 32, 12, 12)
ReLU                 ReLU27                                           --    (100, 32, 12, 12)
Convolution          Convolution35                                    --      (100, 64, 6, 6)
BatchNorm            BatchNorm35                                      --      (100, 64, 6, 6)
Convolution          Convolution36                                    --      (100, 64, 6, 6)
BatchNorm            BatchNorm36                                      --      (100, 64, 6, 6)
Convolution          Convolution37                                    --      (100, 64, 6, 6)
BatchNorm            BatchNorm37                                      --      (100, 64, 6, 6)
Eltwise              Eltwise17                                        --      (100, 64, 6, 6)
ReLU                 ReLU35                                           --      (100, 64, 6, 6)
Convolution          Convolution38                                    --      (100, 64, 6, 6)
BatchNorm            BatchNorm38                                      --      (100, 64, 6, 6)
Convolution          Convolution39                                    --      (100, 64, 6, 6)
BatchNorm            BatchNorm39                                      --      (100, 64, 6, 6)
Eltwise              Eltwise18                                        --      (100, 64, 6, 6)
ReLU                 ReLU37                                           --      (100, 64, 6, 6)
Convolution          Convolution40                                    --      (100, 64, 6, 6)
BatchNorm            BatchNorm40                                      --      (100, 64, 6, 6)
Convolution          Convolution41                                    --      (100, 64, 6, 6)
BatchNorm            BatchNorm41                                      --      (100, 64, 6, 6)
Eltwise              Eltwise19                                        --      (100, 64, 6, 6)
ReLU                 ReLU39                                           --      (100, 64, 6, 6)
Convolution          Convolution42                                    --      (100, 64, 6, 6)
BatchNorm            BatchNorm42                                      --      (100, 64, 6, 6)
Convolution          Convolution43                                    --      (100, 64, 6, 6)
BatchNorm            BatchNorm43                                      --      (100, 64, 6, 6)
Eltwise              Eltwise20                                        --      (100, 64, 6, 6)
ReLU                 ReLU41                                           --      (100, 64, 6, 6)
Convolution          Convolution44                                    --      (100, 64, 6, 6)
BatchNorm            BatchNorm44                                      --      (100, 64, 6, 6)
Convolution          Convolution45                                    --      (100, 64, 6, 6)
BatchNorm            BatchNorm45                                      --      (100, 64, 6, 6)
Eltwise              Eltwise21                                        --      (100, 64, 6, 6)
Convolution          Convolution_eltwise5                             --      (100, 64, 6, 6)
BatchNorm            BatchNorm_Convolution_eltwise5                   --      (100, 64, 6, 6)
Convolution          Convolution_eltwise13                            --      (100, 64, 6, 6)
BatchNorm            BatchNorm_Convolution_eltwise13                   --      (100, 64, 6, 6)
Eltwise              fuse1                                            --      (100, 64, 6, 6)
Eltwise              fuse2                                            --      (100, 64, 6, 6)
ReLU                 ReLU49                                           --      (100, 64, 6, 6)
Pooling              Pooling1                                         --      (100, 64, 1, 1)
InnerProduct         InnerProduct1                                    --       (100, 9, 1, 1)
Converting data...
Saving source...
Done.
